<?xml version="1.0" encoding="UTF-8"?>
<testsuite xmlns:xsi="http://www.w3.org/2001/XMLSchema-instance" xsi:noNamespaceSchemaLocation="https://maven.apache.org/surefire/maven-surefire-plugin/xsd/surefire-test-report.xsd" name="TestSuite" time="40.244" tests="2" errors="0" skipped="0" failures="0">
  <properties>
    <property name="sun.desktop" value="windows"/>
    <property name="awt.toolkit" value="sun.awt.windows.WToolkit"/>
    <property name="file.encoding.pkg" value="sun.io"/>
    <property name="java.specification.version" value="1.8"/>
    <property name="sun.jnu.encoding" value="Cp1252"/>
    <property name="java.class.path" value="C:\Users\NagrajS\Desktop\CPTProject\AutomationTesting\CapacityPlannerAutomationTesting\target\test-classes;C:\Users\NagrajS\Desktop\CPTProject\AutomationTesting\CapacityPlannerAutomationTesting\target\classes;C:\Users\NagrajS\.m2\repository\com\relevantcodes\extentreports\2.41.2\extentreports-2.41.2.jar;C:\Users\NagrajS\.m2\repository\org\jsoup\jsoup\1.8.3\jsoup-1.8.3.jar;C:\Users\NagrajS\.m2\repository\org\xerial\sqlite-jdbc\3.8.11.1\sqlite-jdbc-3.8.11.1.jar;C:\Users\NagrajS\.m2\repository\org\freemarker\freemarker\2.3.23\freemarker-2.3.23.jar;C:\Users\NagrajS\.m2\repository\org\mongodb\mongodb-driver\3.0.4\mongodb-driver-3.0.4.jar;C:\Users\NagrajS\.m2\repository\org\mongodb\bson\3.0.4\bson-3.0.4.jar;C:\Users\NagrajS\.m2\repository\org\mongodb\mongodb-driver-core\3.0.4\mongodb-driver-core-3.0.4.jar;C:\Users\NagrajS\.m2\repository\org\seleniumhq\selenium\selenium-java\3.141.59\selenium-java-3.141.59.jar;C:\Users\NagrajS\.m2\repository\org\seleniumhq\selenium\selenium-api\3.141.59\selenium-api-3.141.59.jar;C:\Users\NagrajS\.m2\repository\org\seleniumhq\selenium\selenium-chrome-driver\3.141.59\selenium-chrome-driver-3.141.59.jar;C:\Users\NagrajS\.m2\repository\org\seleniumhq\selenium\selenium-edge-driver\3.141.59\selenium-edge-driver-3.141.59.jar;C:\Users\NagrajS\.m2\repository\org\seleniumhq\selenium\selenium-firefox-driver\3.141.59\selenium-firefox-driver-3.141.59.jar;C:\Users\NagrajS\.m2\repository\org\seleniumhq\selenium\selenium-ie-driver\3.141.59\selenium-ie-driver-3.141.59.jar;C:\Users\NagrajS\.m2\repository\org\seleniumhq\selenium\selenium-opera-driver\3.141.59\selenium-opera-driver-3.141.59.jar;C:\Users\NagrajS\.m2\repository\org\seleniumhq\selenium\selenium-remote-driver\3.141.59\selenium-remote-driver-3.141.59.jar;C:\Users\NagrajS\.m2\repository\org\seleniumhq\selenium\selenium-safari-driver\3.141.59\selenium-safari-driver-3.141.59.jar;C:\Users\NagrajS\.m2\repository\org\seleniumhq\selenium\selenium-support\3.141.59\selenium-support-3.141.59.jar;C:\Users\NagrajS\.m2\repository\net\bytebuddy\byte-buddy\1.8.15\byte-buddy-1.8.15.jar;C:\Users\NagrajS\.m2\repository\org\apache\commons\commons-exec\1.3\commons-exec-1.3.jar;C:\Users\NagrajS\.m2\repository\com\google\guava\guava\25.0-jre\guava-25.0-jre.jar;C:\Users\NagrajS\.m2\repository\com\google\code\findbugs\jsr305\1.3.9\jsr305-1.3.9.jar;C:\Users\NagrajS\.m2\repository\org\checkerframework\checker-compat-qual\2.0.0\checker-compat-qual-2.0.0.jar;C:\Users\NagrajS\.m2\repository\com\google\errorprone\error_prone_annotations\2.1.3\error_prone_annotations-2.1.3.jar;C:\Users\NagrajS\.m2\repository\com\google\j2objc\j2objc-annotations\1.1\j2objc-annotations-1.1.jar;C:\Users\NagrajS\.m2\repository\org\codehaus\mojo\animal-sniffer-annotations\1.14\animal-sniffer-annotations-1.14.jar;C:\Users\NagrajS\.m2\repository\com\squareup\okhttp3\okhttp\3.11.0\okhttp-3.11.0.jar;C:\Users\NagrajS\.m2\repository\com\squareup\okio\okio\1.14.0\okio-1.14.0.jar;C:\Users\NagrajS\.m2\repository\org\testng\testng\7.1.0\testng-7.1.0.jar;C:\Users\NagrajS\.m2\repository\com\beust\jcommander\1.72\jcommander-1.72.jar;C:\Users\NagrajS\.m2\repository\com\google\inject\guice\4.1.0\guice-4.1.0-no_aop.jar;C:\Users\NagrajS\.m2\repository\javax\inject\javax.inject\1\javax.inject-1.jar;C:\Users\NagrajS\.m2\repository\aopalliance\aopalliance\1.0\aopalliance-1.0.jar;C:\Users\NagrajS\.m2\repository\org\yaml\snakeyaml\1.21\snakeyaml-1.21.jar;C:\Users\NagrajS\.m2\repository\org\apache\poi\poi\4.1.1\poi-4.1.1.jar;C:\Users\NagrajS\.m2\repository\commons-codec\commons-codec\1.13\commons-codec-1.13.jar;C:\Users\NagrajS\.m2\repository\org\apache\commons\commons-collections4\4.4\commons-collections4-4.4.jar;C:\Users\NagrajS\.m2\repository\org\apache\commons\commons-math3\3.6.1\commons-math3-3.6.1.jar;C:\Users\NagrajS\.m2\repository\org\apache\poi\poi-ooxml\4.1.1\poi-ooxml-4.1.1.jar;C:\Users\NagrajS\.m2\repository\org\apache\commons\commons-compress\1.19\commons-compress-1.19.jar;C:\Users\NagrajS\.m2\repository\com\github\virtuald\curvesapi\1.06\curvesapi-1.06.jar;C:\Users\NagrajS\.m2\repository\org\apache\poi\poi-ooxml-schemas\4.1.1\poi-ooxml-schemas-4.1.1.jar;C:\Users\NagrajS\.m2\repository\org\apache\xmlbeans\xmlbeans\3.1.0\xmlbeans-3.1.0.jar;C:\Users\NagrajS\.m2\repository\org\apache\poi\poi-scratchpad\4.1.1\poi-scratchpad-4.1.1.jar;C:\Users\NagrajS\.m2\repository\org\apache\poi\ooxml-schemas\1.4\ooxml-schemas-1.4.jar;C:\Users\NagrajS\.m2\repository\org\apache\poi\openxml4j\1.0-beta\openxml4j-1.0-beta.jar;C:\Users\NagrajS\.m2\repository\dom4j\dom4j\1.6.1\dom4j-1.6.1.jar;C:\Users\NagrajS\.m2\repository\xml-apis\xml-apis\1.0.b2\xml-apis-1.0.b2.jar;C:\Users\NagrajS\.m2\repository\log4j\log4j\1.2.8\log4j-1.2.8.jar;C:\Users\NagrajS\.m2\repository\commons-io\commons-io\2.6\commons-io-2.6.jar;"/>
    <property name="java.vm.vendor" value="IBM Corporation"/>
    <property name="com.ibm.zero.version" value="2"/>
    <property name="sun.arch.data.model" value="64"/>
    <property name="com.ibm.vm.bitmode" value="64"/>
    <property name="user.variant" value=""/>
    <property name="com.ibm.oti.vm.library.version" value="29"/>
    <property name="java.vendor.url" value="http://www.ibm.com"/>
    <property name="user.timezone" value="Asia/Calcutta"/>
    <property name="os.name" value="Windows 10"/>
    <property name="java.vm.specification.version" value="1.8"/>
    <property name="sun.java.launcher" value="SUN_STANDARD"/>
    <property name="user.country" value="IN"/>
    <property name="sun.boot.library.path" value="C:\Program Files\IBM\Java80\jre\bin\compressedrefs;C:\Program Files\IBM\Java80\jre\bin"/>
    <property name="sun.java.command" value="C:\Users\NagrajS\AppData\Local\Temp\surefire7305426367621806802\surefirebooter353919282331525127.jar C:\Users\NagrajS\AppData\Local\Temp\surefire7305426367621806802 2020-02-10T14-50-14_078-jvmRun1 surefire5793800297626150604tmp surefire_06289002641281140763tmp"/>
    <property name="surefire.test.class.path" value="C:\Users\NagrajS\Desktop\CPTProject\AutomationTesting\CapacityPlannerAutomationTesting\target\test-classes;C:\Users\NagrajS\Desktop\CPTProject\AutomationTesting\CapacityPlannerAutomationTesting\target\classes;C:\Users\NagrajS\.m2\repository\com\relevantcodes\extentreports\2.41.2\extentreports-2.41.2.jar;C:\Users\NagrajS\.m2\repository\org\jsoup\jsoup\1.8.3\jsoup-1.8.3.jar;C:\Users\NagrajS\.m2\repository\org\xerial\sqlite-jdbc\3.8.11.1\sqlite-jdbc-3.8.11.1.jar;C:\Users\NagrajS\.m2\repository\org\freemarker\freemarker\2.3.23\freemarker-2.3.23.jar;C:\Users\NagrajS\.m2\repository\org\mongodb\mongodb-driver\3.0.4\mongodb-driver-3.0.4.jar;C:\Users\NagrajS\.m2\repository\org\mongodb\bson\3.0.4\bson-3.0.4.jar;C:\Users\NagrajS\.m2\repository\org\mongodb\mongodb-driver-core\3.0.4\mongodb-driver-core-3.0.4.jar;C:\Users\NagrajS\.m2\repository\org\seleniumhq\selenium\selenium-java\3.141.59\selenium-java-3.141.59.jar;C:\Users\NagrajS\.m2\repository\org\seleniumhq\selenium\selenium-api\3.141.59\selenium-api-3.141.59.jar;C:\Users\NagrajS\.m2\repository\org\seleniumhq\selenium\selenium-chrome-driver\3.141.59\selenium-chrome-driver-3.141.59.jar;C:\Users\NagrajS\.m2\repository\org\seleniumhq\selenium\selenium-edge-driver\3.141.59\selenium-edge-driver-3.141.59.jar;C:\Users\NagrajS\.m2\repository\org\seleniumhq\selenium\selenium-firefox-driver\3.141.59\selenium-firefox-driver-3.141.59.jar;C:\Users\NagrajS\.m2\repository\org\seleniumhq\selenium\selenium-ie-driver\3.141.59\selenium-ie-driver-3.141.59.jar;C:\Users\NagrajS\.m2\repository\org\seleniumhq\selenium\selenium-opera-driver\3.141.59\selenium-opera-driver-3.141.59.jar;C:\Users\NagrajS\.m2\repository\org\seleniumhq\selenium\selenium-remote-driver\3.141.59\selenium-remote-driver-3.141.59.jar;C:\Users\NagrajS\.m2\repository\org\seleniumhq\selenium\selenium-safari-driver\3.141.59\selenium-safari-driver-3.141.59.jar;C:\Users\NagrajS\.m2\repository\org\seleniumhq\selenium\selenium-support\3.141.59\selenium-support-3.141.59.jar;C:\Users\NagrajS\.m2\repository\net\bytebuddy\byte-buddy\1.8.15\byte-buddy-1.8.15.jar;C:\Users\NagrajS\.m2\repository\org\apache\commons\commons-exec\1.3\commons-exec-1.3.jar;C:\Users\NagrajS\.m2\repository\com\google\guava\guava\25.0-jre\guava-25.0-jre.jar;C:\Users\NagrajS\.m2\repository\com\google\code\findbugs\jsr305\1.3.9\jsr305-1.3.9.jar;C:\Users\NagrajS\.m2\repository\org\checkerframework\checker-compat-qual\2.0.0\checker-compat-qual-2.0.0.jar;C:\Users\NagrajS\.m2\repository\com\google\errorprone\error_prone_annotations\2.1.3\error_prone_annotations-2.1.3.jar;C:\Users\NagrajS\.m2\repository\com\google\j2objc\j2objc-annotations\1.1\j2objc-annotations-1.1.jar;C:\Users\NagrajS\.m2\repository\org\codehaus\mojo\animal-sniffer-annotations\1.14\animal-sniffer-annotations-1.14.jar;C:\Users\NagrajS\.m2\repository\com\squareup\okhttp3\okhttp\3.11.0\okhttp-3.11.0.jar;C:\Users\NagrajS\.m2\repository\com\squareup\okio\okio\1.14.0\okio-1.14.0.jar;C:\Users\NagrajS\.m2\repository\org\testng\testng\7.1.0\testng-7.1.0.jar;C:\Users\NagrajS\.m2\repository\com\beust\jcommander\1.72\jcommander-1.72.jar;C:\Users\NagrajS\.m2\repository\com\google\inject\guice\4.1.0\guice-4.1.0-no_aop.jar;C:\Users\NagrajS\.m2\repository\javax\inject\javax.inject\1\javax.inject-1.jar;C:\Users\NagrajS\.m2\repository\aopalliance\aopalliance\1.0\aopalliance-1.0.jar;C:\Users\NagrajS\.m2\repository\org\yaml\snakeyaml\1.21\snakeyaml-1.21.jar;C:\Users\NagrajS\.m2\repository\org\apache\poi\poi\4.1.1\poi-4.1.1.jar;C:\Users\NagrajS\.m2\repository\commons-codec\commons-codec\1.13\commons-codec-1.13.jar;C:\Users\NagrajS\.m2\repository\org\apache\commons\commons-collections4\4.4\commons-collections4-4.4.jar;C:\Users\NagrajS\.m2\repository\org\apache\commons\commons-math3\3.6.1\commons-math3-3.6.1.jar;C:\Users\NagrajS\.m2\repository\org\apache\poi\poi-ooxml\4.1.1\poi-ooxml-4.1.1.jar;C:\Users\NagrajS\.m2\repository\org\apache\commons\commons-compress\1.19\commons-compress-1.19.jar;C:\Users\NagrajS\.m2\repository\com\github\virtuald\curvesapi\1.06\curvesapi-1.06.jar;C:\Users\NagrajS\.m2\repository\org\apache\poi\poi-ooxml-schemas\4.1.1\poi-ooxml-schemas-4.1.1.jar;C:\Users\NagrajS\.m2\repository\org\apache\xmlbeans\xmlbeans\3.1.0\xmlbeans-3.1.0.jar;C:\Users\NagrajS\.m2\repository\org\apache\poi\poi-scratchpad\4.1.1\poi-scratchpad-4.1.1.jar;C:\Users\NagrajS\.m2\repository\org\apache\poi\ooxml-schemas\1.4\ooxml-schemas-1.4.jar;C:\Users\NagrajS\.m2\repository\org\apache\poi\openxml4j\1.0-beta\openxml4j-1.0-beta.jar;C:\Users\NagrajS\.m2\repository\dom4j\dom4j\1.6.1\dom4j-1.6.1.jar;C:\Users\NagrajS\.m2\repository\xml-apis\xml-apis\1.0.b2\xml-apis-1.0.b2.jar;C:\Users\NagrajS\.m2\repository\log4j\log4j\1.2.8\log4j-1.2.8.jar;C:\Users\NagrajS\.m2\repository\commons-io\commons-io\2.6\commons-io-2.6.jar;"/>
    <property name="sun.cpu.endian" value="little"/>
    <property name="user.home" value="C:\Users\NagrajS"/>
    <property name="user.language" value="en"/>
    <property name="java.specification.vendor" value="Oracle Corporation"/>
    <property name="java.home" value="C:\Program Files\IBM\Java80\jre"/>
    <property name="ibm.signalhandling.rs" value="false"/>
    <property name="file.separator" value="\"/>
    <property name="basedir" value="C:\Users\NagrajS\Desktop\CPTProject\AutomationTesting\CapacityPlannerAutomationTesting"/>
    <property name="line.separator" value="&#10;"/>
    <property name="java.vm.specification.vendor" value="Oracle Corporation"/>
    <property name="java.specification.name" value="Java Platform API Specification"/>
    <property name="java.compiler" value="j9jit29"/>
    <property name="com.ibm.util.extralibs.properties" value=""/>
    <property name="java.awt.graphicsenv" value="sun.awt.Win32GraphicsEnvironment"/>
    <property name="com.ibm.oti.configuration" value="scar"/>
    <property name="java.awt.fonts" value=""/>
    <property name="surefire.real.class.path" value="C:\Users\NagrajS\AppData\Local\Temp\surefire7305426367621806802\surefirebooter353919282331525127.jar"/>
    <property name="com.ibm.oti.shared.enabled" value="false"/>
    <property name="sun.boot.class.path" value="C:\Program Files\IBM\Java80\jre\bin\compressedrefs\jclSC180\vm.jar;C:\Program Files\IBM\Java80\jre\lib\se-service.jar;C:\Program Files\IBM\Java80\jre\lib\cuda4j.jar;C:\Program Files\IBM\Java80\jre\lib\math.jar;C:\Program Files\IBM\Java80\jre\lib\ibmorb.jar;C:\Program Files\IBM\Java80\jre\lib\ibmorbapi.jar;C:\Program Files\IBM\Java80\jre\lib\ibmcfw.jar;C:\Program Files\IBM\Java80\jre\lib\ibmpkcs.jar;C:\Program Files\IBM\Java80\jre\lib\ibmcertpathfw.jar;C:\Program Files\IBM\Java80\jre\lib\ibmjgssfw.jar;C:\Program Files\IBM\Java80\jre\lib\ibmjssefw.jar;C:\Program Files\IBM\Java80\jre\lib\ibmsaslfw.jar;C:\Program Files\IBM\Java80\jre\lib\ibmjcefw.jar;C:\Program Files\IBM\Java80\jre\lib\ibmjgssprovider.jar;C:\Program Files\IBM\Java80\jre\lib\ibmjsseprovider2.jar;C:\Program Files\IBM\Java80\jre\lib\ibmcertpathprovider.jar;C:\Program Files\IBM\Java80\jre\lib\xmldsigfw.jar;C:\Program Files\IBM\Java80\jre\lib\xml.jar;C:\Program Files\IBM\Java80\jre\lib\charsets.jar;C:\Program Files\IBM\Java80\jre\lib\resources.jar;C:\Program Files\IBM\Java80\jre\lib\rt.jar;C:\Program Files\IBM\Java80\jre\lib\dataaccess.jar"/>
    <property name="com.ibm.oti.vm.bootstrap.library.path" value="C:\Program Files\IBM\Java80\jre\bin\compressedrefs;C:\Program Files\IBM\Java80\jre\bin"/>
    <property name="com.ibm.cpu.endian" value="little"/>
    <property name="java.fullversion" value="8.0.5.5 - pwa6480sr5fp5-20171114_01(SR5 FP5)&#10;JRE 1.8.0 IBM J9 2.9 Windows 10 amd64-64 Compressed References 20171102_369060 (JIT enabled, AOT enabled)&#10;OpenJ9   - 7ade437&#10;OMR      - 1b656cb&#10;IBM      - 59c3d96"/>
    <property name="java.runtime.version" value="8.0.5.5 - pwa6480sr5fp5-20171114_01(SR5 FP5)"/>
    <property name="user.name" value="NagrajS"/>
    <property name="path.separator" value=";"/>
    <property name="os.version" value="10.0"/>
    <property name="java.endorsed.dirs" value="C:\Program Files\IBM\Java80\jre\lib\endorsed"/>
    <property name="java.runtime.name" value="Java(TM) SE Runtime Environment"/>
    <property name="ibm.signalhandling.sigint" value="true"/>
    <property name="file.encoding" value="Cp1252"/>
    <property name="java.vm.name" value="IBM J9 VM"/>
    <property name="ibm.signalhandling.sigchain" value="true"/>
    <property name="localRepository" value="C:\Users\NagrajS\.m2\repository"/>
    <property name="java.io.tmpdir" value="C:\Users\NagrajS\AppData\Local\Temp\"/>
    <property name="java.version" value="1.8.0_151"/>
    <property name="com.ibm.system.agent.path" value="C:\Program Files\IBM\Java80\jre\bin"/>
    <property name="user.dir" value="C:\Users\NagrajS\Desktop\CPTProject\AutomationTesting\CapacityPlannerAutomationTesting"/>
    <property name="os.arch" value="amd64"/>
    <property name="java.vm.specification.name" value="Java Virtual Machine Specification"/>
    <property name="java.awt.printerjob" value="sun.awt.windows.WPrinterJob"/>
    <property name="os.encoding" value="UTF8"/>
    <property name="console.encoding" value="Cp437"/>
    <property name="java.library.path" value="C:\Program Files\IBM\Java80\jre\bin\compressedrefs;C:\Program Files\IBM\Java80\jre\bin;C:\WINDOWS\system32;C:\WINDOWS;C:\Users\NagrajS\.jenkins\tools\hudson.tasks.Maven_MavenInstallation\TestMaven/bin;C:\WINDOWS\system32;C:\WINDOWS;C:\WINDOWS\System32\Wbem;C:\WINDOWS\System32\WindowsPowerShell\v1.0\;C:\WINDOWS\System32\OpenSSH\;C:\Program Files (x86)\Webex\Webex\Applications;C:\Program Files\nodejs\;C:\Program Files\Git\cmd;C:\Program Files\Intel\WiFi\bin\;C:\Program Files\Common Files\Intel\WirelessCommon\;C:\MavenSetUp\apache-maven-3.6.2\bin;C:\Users\NagrajS\Desktop\TestAppium\platform-tools;C:\Program Files\IBM\Java80\bin;C:\Users\NagrajS\AppData\Local\Microsoft\WindowsApps;C:\Users\NagrajS\AppData\Local\Programs\Microsoft VS Code\bin;C:\Users\NagrajS\AppData\Roaming\npm;;."/>
    <property name="java.vendor" value="IBM Corporation"/>
    <property name="java.vm.info" value="JRE 1.8.0 Windows 10 amd64-64 Compressed References 20171102_369060 (JIT enabled, AOT enabled)&#10;OpenJ9   - 7ade437&#10;OMR      - 1b656cb&#10;IBM      - 59c3d96"/>
    <property name="java.vm.version" value="2.9"/>
    <property name="com.ibm.jcl.checkClassPath" value=""/>
    <property name="ibm.system.encoding" value="Cp1252"/>
    <property name="sun.io.unicode.encoding" value="UnicodeLittle"/>
    <property name="java.ext.dirs" value="C:\Program Files\IBM\Java80\jre\lib\ext"/>
    <property name="java.class.version" value="52.0"/>
  </properties>
  <testcase name="BeforeLoginPageTitleTest" classname="com.cpt.qa.PageTests.TC01_LoginPageTest" time="2.029"/>
  <testcase name="loginPageTest" classname="com.cpt.qa.PageTests.TC01_LoginPageTest" time="3.177"/>
</testsuite>