<?xml version="1.0" encoding="UTF-8"?>
<!-- Generated by org.testng.reporters.JUnitReportReporter -->
<testsuite skipped="0" hostname="LAPTOP-R69EIENB" name="com.cpt.qa.PageTests.TC01_LoginPageTest" tests="2" failures="0" timestamp="2020-02-10T14:50:56 IST" time="38.356" errors="0">
  <testcase name="BeforeLoginPageTitleTest" time="18.595" classname="com.cpt.qa.PageTests.TC01_LoginPageTest"/>
  <system-out>
PASS: Before Login page title is : IBM w3id  </system-out>
  <testcase name="loginPageTest" time="19.761" classname="com.cpt.qa.PageTests.TC01_LoginPageTest"/>
  <system-out>
PASS - Username is entered: nashanke@in.ibm.com PASS - Password is entered: ****** PASS : User Logged into the application successfully.  </system-out>
</testsuite> <!-- com.cpt.qa.PageTests.TC01_LoginPageTest -->
